This is pdfTeX, Version 3.141592653-2.6-1.40.28 (TeX Live 2025) (preloaded format=pdflatex 2025.12.7)  11 DEC 2025 23:28
entering extended mode
 restricted \write18 enabled.
 %&-line parsing enabled.
**Project_Template.tex
(./Project_Template.tex
LaTeX2e <2025-11-01>
L3 programming layer <2025-11-14>
(/Users/sarahhall/Library/TinyTeX/texmf-dist/tex/latex/base/article.cls
Document Class: article 2025/01/22 v1.4n Standard LaTeX document class
(/Users/sarahhall/Library/TinyTeX/texmf-dist/tex/latex/base/size10.clo
File: size10.clo 2025/01/22 v1.4n Standard LaTeX file (size option)
)
\c@part=\count275
\c@section=\count276
\c@subsection=\count277
\c@subsubsection=\count278
\c@paragraph=\count279
\c@subparagraph=\count280
\c@figure=\count281
\c@table=\count282
\abovecaptionskip=\skip49
\belowcaptionskip=\skip50
\bibindent=\dimen148
) (/Users/sarahhall/Library/TinyTeX/texmf-dist/tex/latex/amsmath/amsmath.sty
Package: amsmath 2025/07/09 v2.17z AMS math features
\@mathmargin=\skip51
For additional information on amsmath, use the `?' option.
(/Users/sarahhall/Library/TinyTeX/texmf-dist/tex/latex/amsmath/amstext.sty
Package: amstext 2024/11/17 v2.01 AMS text
(/Users/sarahhall/Library/TinyTeX/texmf-dist/tex/latex/amsmath/amsgen.sty
File: amsgen.sty 1999/11/30 v2.0 generic functions
\@emptytoks=\toks17
\ex@=\dimen149
)) (/Users/sarahhall/Library/TinyTeX/texmf-dist/tex/latex/amsmath/amsbsy.sty
Package: amsbsy 1999/11/29 v1.2d Bold Symbols
\pmbraise@=\dimen150
) (/Users/sarahhall/Library/TinyTeX/texmf-dist/tex/latex/amsmath/amsopn.sty
Package: amsopn 2022/04/08 v2.04 operator names
)
\inf@bad=\count283
LaTeX Info: Redefining \frac on input line 233.
\uproot@=\count284
\leftroot@=\count285
LaTeX Info: Redefining \overline on input line 398.
LaTeX Info: Redefining \colon on input line 409.
\classnum@=\count286
\DOTSCASE@=\count287
LaTeX Info: Redefining \ldots on input line 495.
LaTeX Info: Redefining \dots on input line 498.
LaTeX Info: Redefining \cdots on input line 619.
\Mathstrutbox@=\box53
\strutbox@=\box54
LaTeX Info: Redefining \big on input line 721.
LaTeX Info: Redefining \Big on input line 722.
LaTeX Info: Redefining \bigg on input line 723.
LaTeX Info: Redefining \Bigg on input line 724.
\big@size=\dimen151
LaTeX Font Info:    Redeclaring font encoding OML on input line 742.
LaTeX Font Info:    Redeclaring font encoding OMS on input line 743.
\macc@depth=\count288
LaTeX Info: Redefining \bmod on input line 904.
LaTeX Info: Redefining \pmod on input line 909.
LaTeX Info: Redefining \smash on input line 939.
LaTeX Info: Redefining \relbar on input line 969.
LaTeX Info: Redefining \Relbar on input line 970.
\c@MaxMatrixCols=\count289
\dotsspace@=\muskip17
\c@parentequation=\count290
\dspbrk@lvl=\count291
\tag@help=\toks18
\row@=\count292
\column@=\count293
\maxfields@=\count294
\andhelp@=\toks19
\eqnshift@=\dimen152
\alignsep@=\dimen153
\tagshift@=\dimen154
\tagwidth@=\dimen155
\totwidth@=\dimen156
\lineht@=\dimen157
\@envbody=\toks20
\multlinegap=\skip52
\multlinetaggap=\skip53
\mathdisplay@stack=\toks21
LaTeX Info: Redefining \[ on input line 2950.
LaTeX Info: Redefining \] on input line 2951.
) (/Users/sarahhall/Library/TinyTeX/texmf-dist/tex/latex/amsfonts/amssymb.sty
Package: amssymb 2013/01/14 v3.01 AMS font symbols
(/Users/sarahhall/Library/TinyTeX/texmf-dist/tex/latex/amsfonts/amsfonts.sty
Package: amsfonts 2013/01/14 v3.01 Basic AMSFonts support
\symAMSa=\mathgroup4
\symAMSb=\mathgroup5
LaTeX Font Info:    Redeclaring math symbol \hbar on input line 98.
LaTeX Font Info:    Overwriting math alphabet `\mathfrak' in version `bold'
(Font)                  U/euf/m/n --> U/euf/b/n on input line 106.
)) (/Users/sarahhall/Library/TinyTeX/texmf-dist/tex/generic/iftex/iftex.sty
Package: iftex 2024/12/12 v1.0g TeX engine tests
) (/Users/sarahhall/Library/TinyTeX/texmf-dist/tex/latex/base/fontenc.sty
Package: fontenc 2025/07/18 v2.1d Standard LaTeX package
) (/Users/sarahhall/Library/TinyTeX/texmf-dist/tex/latex/base/inputenc.sty
Package: inputenc 2024/02/08 v1.3d Input encoding file
\inpenc@prehook=\toks22
\inpenc@posthook=\toks23
) (/Users/sarahhall/Library/TinyTeX/texmf-dist/tex/latex/base/textcomp.sty
Package: textcomp 2024/04/24 v2.1b Standard LaTeX package
) (/Users/sarahhall/Library/TinyTeX/texmf-dist/tex/latex/lm/lmodern.sty
Package: lmodern 2015/05/01 v1.6.1 Latin Modern Fonts
LaTeX Font Info:    Overwriting symbol font `operators' in version `normal'
(Font)                  OT1/cmr/m/n --> OT1/lmr/m/n on input line 22.
LaTeX Font Info:    Overwriting symbol font `letters' in version `normal'
(Font)                  OML/cmm/m/it --> OML/lmm/m/it on input line 23.
LaTeX Font Info:    Overwriting symbol font `symbols' in version `normal'
(Font)                  OMS/cmsy/m/n --> OMS/lmsy/m/n on input line 24.
LaTeX Font Info:    Overwriting symbol font `largesymbols' in version `normal'
(Font)                  OMX/cmex/m/n --> OMX/lmex/m/n on input line 25.
LaTeX Font Info:    Overwriting symbol font `operators' in version `bold'
(Font)                  OT1/cmr/bx/n --> OT1/lmr/bx/n on input line 26.
LaTeX Font Info:    Overwriting symbol font `letters' in version `bold'
(Font)                  OML/cmm/b/it --> OML/lmm/b/it on input line 27.
LaTeX Font Info:    Overwriting symbol font `symbols' in version `bold'
(Font)                  OMS/cmsy/b/n --> OMS/lmsy/b/n on input line 28.
LaTeX Font Info:    Overwriting symbol font `largesymbols' in version `bold'
(Font)                  OMX/cmex/m/n --> OMX/lmex/m/n on input line 29.
LaTeX Font Info:    Overwriting math alphabet `\mathbf' in version `normal'
(Font)                  OT1/cmr/bx/n --> OT1/lmr/bx/n on input line 31.
LaTeX Font Info:    Overwriting math alphabet `\mathsf' in version `normal'
(Font)                  OT1/cmss/m/n --> OT1/lmss/m/n on input line 32.
LaTeX Font Info:    Overwriting math alphabet `\mathit' in version `normal'
(Font)                  OT1/cmr/m/it --> OT1/lmr/m/it on input line 33.
LaTeX Font Info:    Overwriting math alphabet `\mathtt' in version `normal'
(Font)                  OT1/cmtt/m/n --> OT1/lmtt/m/n on input line 34.
LaTeX Font Info:    Overwriting math alphabet `\mathbf' in version `bold'
(Font)                  OT1/cmr/bx/n --> OT1/lmr/bx/n on input line 35.
LaTeX Font Info:    Overwriting math alphabet `\mathsf' in version `bold'
(Font)                  OT1/cmss/bx/n --> OT1/lmss/bx/n on input line 36.
LaTeX Font Info:    Overwriting math alphabet `\mathit' in version `bold'
(Font)                  OT1/cmr/bx/it --> OT1/lmr/bx/it on input line 37.
LaTeX Font Info:    Overwriting math alphabet `\mathtt' in version `bold'
(Font)                  OT1/cmtt/m/n --> OT1/lmtt/m/n on input line 38.
) (/Users/sarahhall/Library/TinyTeX/texmf-dist/tex/latex/xcolor/xcolor.sty
Package: xcolor 2024/09/29 v3.02 LaTeX color extensions (UK)
(/Users/sarahhall/Library/TinyTeX/texmf-dist/tex/latex/graphics-cfg/color.cfg
File: color.cfg 2016/01/02 v1.6 sample color configuration
)
Package xcolor Info: Driver file: pdftex.def on input line 274.
(/Users/sarahhall/Library/TinyTeX/texmf-dist/tex/latex/graphics-def/pdftex.def
File: pdftex.def 2025/09/29 v1.2d Graphics/color driver for pdftex
) (/Users/sarahhall/Library/TinyTeX/texmf-dist/tex/latex/graphics/mathcolor.ltx)
Package xcolor Info: Model `cmy' substituted by `cmy0' on input line 1349.
Package xcolor Info: Model `hsb' substituted by `rgb' on input line 1353.
Package xcolor Info: Model `RGB' extended on input line 1365.
Package xcolor Info: Model `HTML' substituted by `rgb' on input line 1367.
Package xcolor Info: Model `Hsb' substituted by `hsb' on input line 1368.
Package xcolor Info: Model `tHsb' substituted by `hsb' on input line 1369.
Package xcolor Info: Model `HSB' substituted by `hsb' on input line 1370.
Package xcolor Info: Model `Gray' substituted by `gray' on input line 1371.
Package xcolor Info: Model `wave' substituted by `hsb' on input line 1372.
) (/Users/sarahhall/Library/TinyTeX/texmf-dist/tex/latex/geometry/geometry.sty
Package: geometry 2020/01/02 v5.9 Page Geometry
(/Users/sarahhall/Library/TinyTeX/texmf-dist/tex/latex/graphics/keyval.sty
Package: keyval 2022/05/29 v1.15 key=value parser (DPC)
\KV@toks@=\toks24
) (/Users/sarahhall/Library/TinyTeX/texmf-dist/tex/generic/iftex/ifvtex.sty
Package: ifvtex 2019/10/25 v1.7 ifvtex legacy package. Use iftex instead.
)
\Gm@cnth=\count295
\Gm@cntv=\count296
\c@Gm@tempcnt=\count297
\Gm@bindingoffset=\dimen158
\Gm@wd@mp=\dimen159
\Gm@odd@mp=\dimen160
\Gm@even@mp=\dimen161
\Gm@layoutwidth=\dimen162
\Gm@layoutheight=\dimen163
\Gm@layouthoffset=\dimen164
\Gm@layoutvoffset=\dimen165
\Gm@dimlist=\toks25
) (/Users/sarahhall/Library/TinyTeX/texmf-dist/tex/latex/tools/longtable.sty
Package: longtable 2025-10-13 v4.24 Multi-page Table package (DPC)
\LTleft=\skip54
\LTright=\skip55
\LTpre=\skip56
\LTpost=\skip57
\LTchunksize=\count298
\LTcapwidth=\dimen166
\LT@head=\box55
\LT@firsthead=\box56
\LT@foot=\box57
\LT@lastfoot=\box58
\LT@gbox=\box59
\LT@cols=\count299
\LT@rows=\count300
\c@LT@tables=\count301
\c@LT@chunks=\count302
\LT@p@ftn=\toks26
) (/Users/sarahhall/Library/TinyTeX/texmf-dist/tex/latex/booktabs/booktabs.sty
Package: booktabs 2020/01/12 v1.61803398 Publication quality tables
\heavyrulewidth=\dimen167
\lightrulewidth=\dimen168
\cmidrulewidth=\dimen169
\belowrulesep=\dimen170
\belowbottomsep=\dimen171
\aboverulesep=\dimen172
\abovetopsep=\dimen173
\cmidrulesep=\dimen174
\cmidrulekern=\dimen175
\defaultaddspace=\dimen176
\@cmidla=\count303
\@cmidlb=\count304
\@aboverulesep=\dimen177
\@belowrulesep=\dimen178
\@thisruleclass=\count305
\@lastruleclass=\count306
\@thisrulewidth=\dimen179
) (/Users/sarahhall/Library/TinyTeX/texmf-dist/tex/latex/tools/array.sty
Package: array 2025/09/25 v2.6n Tabular extension package (FMi)
\col@sep=\dimen180
\ar@mcellbox=\box60
\extrarowheight=\dimen181
\NC@list=\toks27
\extratabsurround=\skip58
\backup@length=\skip59
\ar@cellbox=\box61
) (/Users/sarahhall/Library/TinyTeX/texmf-dist/tex/latex/tools/calc.sty
Package: calc 2025/03/01 v4.3b Infix arithmetic (KKT,FJ)
\calc@Acount=\count307
\calc@Bcount=\count308
\calc@Adimen=\dimen182
\calc@Bdimen=\dimen183
\calc@Askip=\skip60
\calc@Bskip=\skip61
LaTeX Info: Redefining \setlength on input line 86.
LaTeX Info: Redefining \addtolength on input line 87.
\calc@Ccount=\count309
\calc@Cskip=\skip62
) (/Users/sarahhall/Library/TinyTeX/texmf-dist/tex/latex/etoolbox/etoolbox.sty
Package: etoolbox 2025/10/02 v2.5m e-TeX tools for LaTeX (JAW)
\etb@tempcnta=\count310
) (/Users/sarahhall/Library/TinyTeX/texmf-dist/tex/latex/mdwtools/footnote.sty
Package: footnote 1997/01/28 1.13 Save footnotes around boxes
\fn@notes=\box62
\fn@width=\dimen184
) (/Users/sarahhall/Library/TinyTeX/texmf-dist/tex/latex/graphics/graphicx.sty
Package: graphicx 2024/12/31 v1.2e Enhanced LaTeX Graphics (DPC,SPQR)
(/Users/sarahhall/Library/TinyTeX/texmf-dist/tex/latex/graphics/graphics.sty
Package: graphics 2024/08/06 v1.4g Standard LaTeX Graphics (DPC,SPQR)
(/Users/sarahhall/Library/TinyTeX/texmf-dist/tex/latex/graphics/trig.sty
Package: trig 2023/12/02 v1.11 sin cos tan (DPC)
) (/Users/sarahhall/Library/TinyTeX/texmf-dist/tex/latex/graphics-cfg/graphics.cfg
File: graphics.cfg 2016/06/04 v1.11 sample graphics configuration
)
Package graphics Info: Driver file: pdftex.def on input line 106.
)
\Gin@req@height=\dimen185
\Gin@req@width=\dimen186
)
\pandoc@box=\box63
(/Users/sarahhall/Library/TinyTeX/texmf-dist/tex/latex/multirow/multirow.sty
Package: multirow 2024/11/12 v2.9 Span multiple rows of a table
\multirow@colwidth=\skip63
\multirow@cntb=\count311
\multirow@dima=\skip64
\bigstrutjot=\dimen187
) (/Users/sarahhall/Library/TinyTeX/texmf-dist/tex/latex/wrapfig/wrapfig.sty
\wrapoverhang=\dimen188
\WF@size=\dimen189
\c@WF@wrappedlines=\count312
\WF@box=\box64
\WF@everypar=\toks28
Package: wrapfig 2003/01/31  v 3.6
) (/Users/sarahhall/Library/TinyTeX/texmf-dist/tex/latex/float/float.sty
Package: float 2001/11/08 v1.3d Float enhancements (AL)
\c@float@type=\count313
\float@exts=\toks29
\float@box=\box65
\@float@everytoks=\toks30
\@floatcapt=\box66
) (/Users/sarahhall/Library/TinyTeX/texmf-dist/tex/latex/colortbl/colortbl.sty
Package: colortbl 2024/10/29 v1.0k Color table columns (DPC)
\everycr=\toks31
\minrowclearance=\skip65
\rownum=\count314
) (/Users/sarahhall/Library/TinyTeX/texmf-dist/tex/latex/pdflscape/pdflscape.sty
Package: pdflscape 2025-06-23 v0.14 Display of landscape pages in PDF
(/Users/sarahhall/Library/TinyTeX/texmf-dist/tex/latex/pdflscape/pdflscape-nometadata.sty
Package: pdflscape-nometadata 2025-06-23 v0.14 Display of landscape pages in PDF (HO)
(/Users/sarahhall/Library/TinyTeX/texmf-dist/tex/latex/graphics/lscape.sty
Package: lscape 2020/05/28 v3.02 Landscape Pages (DPC)
)
Package pdflscape Info: Auto-detected driver: pdftex on input line 81.
)) (/Users/sarahhall/Library/TinyTeX/texmf-dist/tex/latex/tabu/tabu.sty
Package: tabu 2019/01/11 v2.9 - flexible LaTeX tabulars (FC+tabu-fixed)
(/Users/sarahhall/Library/TinyTeX/texmf-dist/tex/latex/varwidth/varwidth.sty
Package: varwidth 2009/03/30 ver 0.92;  Variable-width minipages
\@vwid@box=\box67
\sift@deathcycles=\count315
\@vwid@loff=\dimen190
\@vwid@roff=\dimen191
)
==> First Aid for varwidth.sty applied!
\c@taburow=\count316
\tabu@nbcols=\count317
\tabu@cnt=\count318
\tabu@Xcol=\count319
\tabu@alloc=\count320
\tabu@nested=\count321
\tabu@target=\dimen192
\tabu@spreadtarget=\dimen193
\tabu@naturalX=\dimen194
\tabucolX=\dimen195
\tabu@Xsum=\dimen196
\extrarowdepth=\dimen197
\abovetabulinesep=\dimen198
\belowtabulinesep=\dimen199
\tabustrutrule=\dimen256
\tabu@thebody=\toks32
\tabu@footnotes=\toks33
\tabu@box=\box68
\tabu@arstrutbox=\box69
\tabu@hleads=\box70
\tabu@vleads=\box71
\tabu@cellskip=\skip66
) (/Users/sarahhall/Library/TinyTeX/texmf-dist/tex/latex/threeparttable/threeparttable.sty
Package: threeparttable 2003/06/13  v 3.0
\@tempboxb=\box72
) (/Users/sarahhall/Library/TinyTeX/texmf-dist/tex/latex/threeparttablex/threeparttablex.sty
Package: threeparttablex 2013/07/23 v0.3 by daleif
(/Users/sarahhall/Library/TinyTeX/texmf-dist/tex/latex/environ/environ.sty
Package: environ 2014/05/04 v0.3 A new way to define environments
(/Users/sarahhall/Library/TinyTeX/texmf-dist/tex/latex/trimspaces/trimspaces.sty
Package: trimspaces 2009/09/17 v1.1 Trim spaces around a token list
))
\TPTL@width=\skip67
) (/Users/sarahhall/Library/TinyTeX/texmf-dist/tex/generic/ulem/ulem.sty
\UL@box=\box73
\UL@hyphenbox=\box74
\UL@skip=\skip68
\UL@hook=\toks34
\UL@height=\dimen257
\UL@pe=\count322
\UL@pixel=\dimen258
\ULC@box=\box75
Package: ulem 2019/11/18
\ULdepth=\dimen259
) (/Users/sarahhall/Library/TinyTeX/texmf-dist/tex/latex/makecell/makecell.sty
Package: makecell 2009/08/03 V0.1e Managing of Tab Column Heads and Cells
\rotheadsize=\dimen260
\c@nlinenum=\count323
\TeXr@lab=\toks35
) (/Users/sarahhall/Library/TinyTeX/texmf-dist/tex/latex/bookmark/bookmark.sty
Package: bookmark 2023-12-10 v1.31 PDF bookmarks (HO)
(/Users/sarahhall/Library/TinyTeX/texmf-dist/tex/latex/hyperref/hyperref.sty
Package: hyperref 2025-07-12 v7.01o Hypertext links for LaTeX
(/Users/sarahhall/Library/TinyTeX/texmf-dist/tex/latex/kvsetkeys/kvsetkeys.sty
Package: kvsetkeys 2022-10-05 v1.19 Key value parser (HO)
) (/Users/sarahhall/Library/TinyTeX/texmf-dist/tex/generic/kvdefinekeys/kvdefinekeys.sty
Package: kvdefinekeys 2019-12-19 v1.6 Define keys (HO)
) (/Users/sarahhall/Library/TinyTeX/texmf-dist/tex/generic/pdfescape/pdfescape.sty
Package: pdfescape 2019/12/09 v1.15 Implements pdfTeX's escape features (HO)
(/Users/sarahhall/Library/TinyTeX/texmf-dist/tex/generic/ltxcmds/ltxcmds.sty
Package: ltxcmds 2023-12-04 v1.26 LaTeX kernel commands for general use (HO)
) (/Users/sarahhall/Library/TinyTeX/texmf-dist/tex/generic/pdftexcmds/pdftexcmds.sty
Package: pdftexcmds 2020-06-27 v0.33 Utility functions of pdfTeX for LuaTeX (HO)
(/Users/sarahhall/Library/TinyTeX/texmf-dist/tex/generic/infwarerr/infwarerr.sty
Package: infwarerr 2019/12/03 v1.5 Providing info/warning/error messages (HO)
)
Package pdftexcmds Info: \pdf@primitive is available.
Package pdftexcmds Info: \pdf@ifprimitive is available.
Package pdftexcmds Info: \pdfdraftmode found.
)) (/Users/sarahhall/Library/TinyTeX/texmf-dist/tex/latex/hycolor/hycolor.sty
Package: hycolor 2020-01-27 v1.10 Color options for hyperref/bookmark (HO)
) (/Users/sarahhall/Library/TinyTeX/texmf-dist/tex/latex/hyperref/nameref.sty
Package: nameref 2025-06-21 v2.57 Cross-referencing by name of section
(/Users/sarahhall/Library/TinyTeX/texmf-dist/tex/latex/refcount/refcount.sty
Package: refcount 2019/12/15 v3.6 Data extraction from label references (HO)
) (/Users/sarahhall/Library/TinyTeX/texmf-dist/tex/generic/gettitlestring/gettitlestring.sty
Package: gettitlestring 2019/12/15 v1.6 Cleanup title references (HO)
(/Users/sarahhall/Library/TinyTeX/texmf-dist/tex/latex/kvoptions/kvoptions.sty
Package: kvoptions 2022-06-15 v3.15 Key value format for package options (HO)
))
\c@section@level=\count324
) (/Users/sarahhall/Library/TinyTeX/texmf-dist/tex/generic/stringenc/stringenc.sty
Package: stringenc 2019/11/29 v1.12 Convert strings between diff. encodings (HO)
)
\@linkdim=\dimen261
\Hy@linkcounter=\count325
\Hy@pagecounter=\count326
(/Users/sarahhall/Library/TinyTeX/texmf-dist/tex/latex/hyperref/pd1enc.def
File: pd1enc.def 2025-07-12 v7.01o Hyperref: PDFDocEncoding definition (HO)
Now handling font encoding PD1 ...
... no UTF-8 mapping file for font encoding PD1
) (/Users/sarahhall/Library/TinyTeX/texmf-dist/tex/generic/intcalc/intcalc.sty
Package: intcalc 2019/12/15 v1.3 Expandable calculations with integers (HO)
)
\Hy@SavedSpaceFactor=\count327
(/Users/sarahhall/Library/TinyTeX/texmf-dist/tex/latex/hyperref/puenc.def
File: puenc.def 2025-07-12 v7.01o Hyperref: PDF Unicode definition (HO)
Now handling font encoding PU ...
... no UTF-8 mapping file for font encoding PU
)
Package hyperref Info: Option `unicode' set `true' on input line 4066.
Package hyperref Info: Hyper figures OFF on input line 4195.
Package hyperref Info: Link nesting OFF on input line 4200.
Package hyperref Info: Hyper index ON on input line 4203.
Package hyperref Info: Plain pages OFF on input line 4210.
Package hyperref Info: Backreferencing OFF on input line 4215.
Package hyperref Info: Implicit mode ON; LaTeX internals redefined.
Package hyperref Info: Bookmarks ON on input line 4462.
\c@Hy@tempcnt=\count328
(/Users/sarahhall/Library/TinyTeX/texmf-dist/tex/latex/url/url.sty
\Urlmuskip=\muskip18
Package: url 2013/09/16  ver 3.4  Verb mode for urls, etc.
)
LaTeX Info: Redefining \url on input line 4801.
\XeTeXLinkMargin=\dimen262
(/Users/sarahhall/Library/TinyTeX/texmf-dist/tex/generic/bitset/bitset.sty
Package: bitset 2019/12/09 v1.3 Handle bit-vector datatype (HO)
(/Users/sarahhall/Library/TinyTeX/texmf-dist/tex/generic/bigintcalc/bigintcalc.sty
Package: bigintcalc 2019/12/15 v1.5 Expandable calculations on big integers (HO)
))
\Fld@menulength=\count329
\Field@Width=\dimen263
\Fld@charsize=\dimen264
Package hyperref Info: Hyper figures OFF on input line 6078.
Package hyperref Info: Link nesting OFF on input line 6083.
Package hyperref Info: Hyper index ON on input line 6086.
Package hyperref Info: backreferencing OFF on input line 6093.
Package hyperref Info: Link coloring OFF on input line 6098.
Package hyperref Info: Link coloring with OCG OFF on input line 6103.
Package hyperref Info: PDF/A mode OFF on input line 6108.
\Hy@abspage=\count330
\c@Item=\count331
\c@Hfootnote=\count332
)
Package hyperref Info: Driver (autodetected): hpdftex.
(/Users/sarahhall/Library/TinyTeX/texmf-dist/tex/latex/hyperref/hpdftex.def
File: hpdftex.def 2025-07-12 v7.01o Hyperref driver for pdfTeX
\Fld@listcount=\count333
\c@bookmark@seq@number=\count334
(/Users/sarahhall/Library/TinyTeX/texmf-dist/tex/latex/rerunfilecheck/rerunfilecheck.sty
Package: rerunfilecheck 2025-06-21 v1.11 Rerun checks for auxiliary files (HO)
(/Users/sarahhall/Library/TinyTeX/texmf-dist/tex/generic/uniquecounter/uniquecounter.sty
Package: uniquecounter 2019/12/15 v1.4 Provide unlimited unique counter (HO)
)
Package uniquecounter Info: New unique counter `rerunfilecheck' on input line 284.
)
\Hy@SectionHShift=\skip69
) (/Users/sarahhall/Library/TinyTeX/texmf-dist/tex/latex/bookmark/bkm-pdftex.def
File: bkm-pdftex.def 2023-12-10 v1.31 bookmark driver for pdfTeX and luaTeX (HO)
\BKM@id=\count335
))
LaTeX Font Info:    Trying to load font information for T1+lmr on input line 102.
(/Users/sarahhall/Library/TinyTeX/texmf-dist/tex/latex/lm/t1lmr.fd
File: t1lmr.fd 2015/05/01 v1.6.1 Font defs for Latin Modern
) (/Users/sarahhall/Library/TinyTeX/texmf-dist/tex/latex/l3backend/l3backend-pdftex.def
File: l3backend-pdftex.def 2025-10-09 L3 backend support: PDF output (pdfTeX)
\l__color_backend_stack_int=\count336
) (./Project_Template.aux)
\openout1 = `Project_Template.aux'.

LaTeX Font Info:    Checking defaults for OML/cmm/m/it on input line 102.
LaTeX Font Info:    ... okay on input line 102.
LaTeX Font Info:    Checking defaults for OMS/cmsy/m/n on input line 102.
LaTeX Font Info:    ... okay on input line 102.
LaTeX Font Info:    Checking defaults for OT1/cmr/m/n on input line 102.
LaTeX Font Info:    ... okay on input line 102.
LaTeX Font Info:    Checking defaults for T1/cmr/m/n on input line 102.
LaTeX Font Info:    ... okay on input line 102.
LaTeX Font Info:    Checking defaults for TS1/cmr/m/n on input line 102.
LaTeX Font Info:    ... okay on input line 102.
LaTeX Font Info:    Checking defaults for OMX/cmex/m/n on input line 102.
LaTeX Font Info:    ... okay on input line 102.
LaTeX Font Info:    Checking defaults for U/cmr/m/n on input line 102.
LaTeX Font Info:    ... okay on input line 102.
LaTeX Font Info:    Checking defaults for PD1/pdf/m/n on input line 102.
LaTeX Font Info:    ... okay on input line 102.
LaTeX Font Info:    Checking defaults for PU/pdf/m/n on input line 102.
LaTeX Font Info:    ... okay on input line 102.
(/Users/sarahhall/Library/TinyTeX/texmf-dist/tex/latex/epstopdf-pkg/epstopdf-base.sty
Package: epstopdf-base 2020-01-24 v2.11 Base part for package epstopdf
Package epstopdf-base Info: Redefining graphics rule for `.eps' on input line 485.
(/Users/sarahhall/Library/TinyTeX/texmf-dist/tex/latex/latexconfig/epstopdf-sys.cfg
File: epstopdf-sys.cfg 2010/07/13 v1.3 Configuration of (r)epstopdf for TeX Live
))
*geometry* driver: auto-detecting
*geometry* detected driver: pdftex
*geometry* verbose mode - [ preamble ] result:
* driver: pdftex
* paper: <default>
* layout: <same size as paper>
* layoutoffset:(h,v)=(0.0pt,0.0pt)
* modes: 
* h-part:(L,W,R)=(72.26999pt, 469.75502pt, 72.26999pt)
* v-part:(T,H,B)=(72.26999pt, 650.43001pt, 72.26999pt)
* \paperwidth=614.295pt
* \paperheight=794.96999pt
* \textwidth=469.75502pt
* \textheight=650.43001pt
* \oddsidemargin=0.0pt
* \evensidemargin=0.0pt
* \topmargin=-37.0pt
* \headheight=12.0pt
* \headsep=25.0pt
* \topskip=10.0pt
* \footskip=30.0pt
* \marginparwidth=65.0pt
* \marginparsep=11.0pt
* \columnsep=10.0pt
* \skip\footins=9.0pt plus 4.0pt minus 2.0pt
* \hoffset=0.0pt
* \voffset=0.0pt
* \mag=1000
* \@twocolumnfalse
* \@twosidefalse
* \@mparswitchfalse
* \@reversemarginfalse
* (1in=72.27pt=25.4mm, 1cm=28.453pt)

Package hyperref Info: Link coloring OFF on input line 102.
LaTeX Font Info:    Trying to load font information for OT1+lmr on input line 104.
(/Users/sarahhall/Library/TinyTeX/texmf-dist/tex/latex/lm/ot1lmr.fd
File: ot1lmr.fd 2015/05/01 v1.6.1 Font defs for Latin Modern
)
LaTeX Font Info:    Trying to load font information for OML+lmm on input line 104.
(/Users/sarahhall/Library/TinyTeX/texmf-dist/tex/latex/lm/omllmm.fd
File: omllmm.fd 2015/05/01 v1.6.1 Font defs for Latin Modern
)
LaTeX Font Info:    Trying to load font information for OMS+lmsy on input line 104.
(/Users/sarahhall/Library/TinyTeX/texmf-dist/tex/latex/lm/omslmsy.fd
File: omslmsy.fd 2015/05/01 v1.6.1 Font defs for Latin Modern
)
LaTeX Font Info:    Trying to load font information for OMX+lmex on input line 104.
(/Users/sarahhall/Library/TinyTeX/texmf-dist/tex/latex/lm/omxlmex.fd
File: omxlmex.fd 2015/05/01 v1.6.1 Font defs for Latin Modern
)
LaTeX Font Info:    External font `lmex10' loaded for size
(Font)              <12> on input line 104.
LaTeX Font Info:    External font `lmex10' loaded for size
(Font)              <8> on input line 104.
LaTeX Font Info:    External font `lmex10' loaded for size
(Font)              <6> on input line 104.
LaTeX Font Info:    Trying to load font information for U+msa on input line 104.
(/Users/sarahhall/Library/TinyTeX/texmf-dist/tex/latex/amsfonts/umsa.fd
File: umsa.fd 2013/01/14 v3.01 AMS symbols A
)
LaTeX Font Info:    Trying to load font information for U+msb on input line 104.
(/Users/sarahhall/Library/TinyTeX/texmf-dist/tex/latex/amsfonts/umsb.fd
File: umsb.fd 2013/01/14 v3.01 AMS symbols B
) (./Project_Template.toc
LaTeX Font Info:    External font `lmex10' loaded for size
(Font)              <10> on input line 4.
LaTeX Font Info:    External font `lmex10' loaded for size
(Font)              <7> on input line 4.
LaTeX Font Info:    External font `lmex10' loaded for size
(Font)              <5> on input line 4.
[1

{/Users/sarahhall/Library/TinyTeX/texmf-var/fonts/map/pdftex/updmap/pdftex.map}{/Users/sarahhall/Library/TinyTeX/texmf-dist/fonts/enc/dvips/lm/lm-ec.enc}])
\tf@toc=\write3
\openout3 = `Project_Template.toc'.

[2] (./Project_Template.lot)
\tf@lot=\write4
\openout4 = `Project_Template.lot'.

[3] (./Project_Template.lof)
\tf@lof=\write5
\openout5 = `Project_Template.lof'.

[4]
LaTeX Font Info:    Trying to load font information for TS1+lmr on input line 128.
(/Users/sarahhall/Library/TinyTeX/texmf-dist/tex/latex/lm/ts1lmr.fd
File: ts1lmr.fd 2015/05/01 v1.6.1 Font defs for Latin Modern
) [5{/Users/sarahhall/Library/TinyTeX/texmf-dist/fonts/enc/dvips/lm/lm-ts1.enc}] [6]
<Project_Template_files/figure-latex/cayearly-1.pdf, id=163, 469.755pt x 325.215pt>
File: Project_Template_files/figure-latex/cayearly-1.pdf Graphic file (type pdf)
<use Project_Template_files/figure-latex/cayearly-1.pdf>
Package pdftex.def Info: Project_Template_files/figure-latex/cayearly-1.pdf  used on input line 200.
(pdftex.def)             Requested size: 469.75386pt x 325.2142pt.
<Project_Template_files/figure-latex/camonthly-1.pdf, id=164, 469.755pt x 325.215pt>
File: Project_Template_files/figure-latex/camonthly-1.pdf Graphic file (type pdf)
<use Project_Template_files/figure-latex/camonthly-1.pdf>
Package pdftex.def Info: Project_Template_files/figure-latex/camonthly-1.pdf  used on input line 209.
(pdftex.def)             Requested size: 469.75386pt x 325.2142pt.
[7 <./Project_Template_files/figure-latex/cayearly-1.pdf>] [8 <./Project_Template_files/figure-latex/camonthly-1.pdf>]
<Project_Template_files/figure-latex/flyearly-1.pdf, id=195, 469.755pt x 325.215pt>
File: Project_Template_files/figure-latex/flyearly-1.pdf Graphic file (type pdf)
<use Project_Template_files/figure-latex/flyearly-1.pdf>
Package pdftex.def Info: Project_Template_files/figure-latex/flyearly-1.pdf  used on input line 222.
(pdftex.def)             Requested size: 469.75386pt x 325.2142pt.
<Project_Template_files/figure-latex/flmonthly-1.pdf, id=196, 469.755pt x 325.215pt>
File: Project_Template_files/figure-latex/flmonthly-1.pdf Graphic file (type pdf)
<use Project_Template_files/figure-latex/flmonthly-1.pdf>
Package pdftex.def Info: Project_Template_files/figure-latex/flmonthly-1.pdf  used on input line 231.
(pdftex.def)             Requested size: 469.75386pt x 325.2142pt.
[9 <./Project_Template_files/figure-latex/flyearly-1.pdf>] [10 <./Project_Template_files/figure-latex/flmonthly-1.pdf>]
<Project_Template_files/figure-latex/payearly-1.pdf, id=221, 469.755pt x 325.215pt>
File: Project_Template_files/figure-latex/payearly-1.pdf Graphic file (type pdf)
<use Project_Template_files/figure-latex/payearly-1.pdf>
Package pdftex.def Info: Project_Template_files/figure-latex/payearly-1.pdf  used on input line 246.
(pdftex.def)             Requested size: 469.75386pt x 325.2142pt.
<Project_Template_files/figure-latex/pamonthly-1.pdf, id=222, 469.755pt x 325.215pt>
File: Project_Template_files/figure-latex/pamonthly-1.pdf Graphic file (type pdf)
<use Project_Template_files/figure-latex/pamonthly-1.pdf>
Package pdftex.def Info: Project_Template_files/figure-latex/pamonthly-1.pdf  used on input line 255.
(pdftex.def)             Requested size: 469.75386pt x 325.2142pt.
[11 <./Project_Template_files/figure-latex/payearly-1.pdf>] [12 <./Project_Template_files/figure-latex/pamonthly-1.pdf>]
<Project_Template_files/figure-latex/txyearly-1.pdf, id=251, 469.755pt x 325.215pt>
File: Project_Template_files/figure-latex/txyearly-1.pdf Graphic file (type pdf)
<use Project_Template_files/figure-latex/txyearly-1.pdf>
Package pdftex.def Info: Project_Template_files/figure-latex/txyearly-1.pdf  used on input line 268.
(pdftex.def)             Requested size: 469.75386pt x 325.2142pt.
<Project_Template_files/figure-latex/txmonthly-1.pdf, id=252, 469.755pt x 325.215pt>
File: Project_Template_files/figure-latex/txmonthly-1.pdf Graphic file (type pdf)
<use Project_Template_files/figure-latex/txmonthly-1.pdf>
Package pdftex.def Info: Project_Template_files/figure-latex/txmonthly-1.pdf  used on input line 277.
(pdftex.def)             Requested size: 469.75386pt x 325.2142pt.
[13 <./Project_Template_files/figure-latex/txyearly-1.pdf>] [14 <./Project_Template_files/figure-latex/txmonthly-1.pdf>]
<Project_Template_files/figure-latex/CAtimeseries-1.pdf, id=284, 469.755pt x 325.215pt>
File: Project_Template_files/figure-latex/CAtimeseries-1.pdf Graphic file (type pdf)
<use Project_Template_files/figure-latex/CAtimeseries-1.pdf>
Package pdftex.def Info: Project_Template_files/figure-latex/CAtimeseries-1.pdf  used on input line 308.
(pdftex.def)             Requested size: 469.75386pt x 325.2142pt.
<Project_Template_files/figure-latex/CAtrend-1.pdf, id=285, 469.755pt x 325.215pt>
File: Project_Template_files/figure-latex/CAtrend-1.pdf Graphic file (type pdf)
<use Project_Template_files/figure-latex/CAtrend-1.pdf>
Package pdftex.def Info: Project_Template_files/figure-latex/CAtrend-1.pdf  used on input line 317.
(pdftex.def)             Requested size: 469.75386pt x 325.2142pt.
[15] [16 <./Project_Template_files/figure-latex/CAtimeseries-1.pdf>] [17 <./Project_Template_files/figure-latex/CAtrend-1.pdf>]
<Project_Template_files/figure-latex/FLtimeseries-1.pdf, id=312, 469.755pt x 325.215pt>
File: Project_Template_files/figure-latex/FLtimeseries-1.pdf Graphic file (type pdf)
<use Project_Template_files/figure-latex/FLtimeseries-1.pdf>
Package pdftex.def Info: Project_Template_files/figure-latex/FLtimeseries-1.pdf  used on input line 332.
(pdftex.def)             Requested size: 469.75386pt x 325.2142pt.
<Project_Template_files/figure-latex/FLdecomp-1.pdf, id=313, 469.755pt x 325.215pt>
File: Project_Template_files/figure-latex/FLdecomp-1.pdf Graphic file (type pdf)
<use Project_Template_files/figure-latex/FLdecomp-1.pdf>
Package pdftex.def Info: Project_Template_files/figure-latex/FLdecomp-1.pdf  used on input line 341.
(pdftex.def)             Requested size: 469.75386pt x 325.2142pt.
[18 <./Project_Template_files/figure-latex/FLtimeseries-1.pdf>] [19 <./Project_Template_files/figure-latex/FLdecomp-1.pdf>]
<Project_Template_files/figure-latex/PAtimeseries-1.pdf, id=335, 469.755pt x 325.215pt>
File: Project_Template_files/figure-latex/PAtimeseries-1.pdf Graphic file (type pdf)
<use Project_Template_files/figure-latex/PAtimeseries-1.pdf>
Package pdftex.def Info: Project_Template_files/figure-latex/PAtimeseries-1.pdf  used on input line 356.
(pdftex.def)             Requested size: 469.75386pt x 325.2142pt.
<Project_Template_files/figure-latex/PAtrend-1.pdf, id=336, 469.755pt x 325.215pt>
File: Project_Template_files/figure-latex/PAtrend-1.pdf Graphic file (type pdf)
<use Project_Template_files/figure-latex/PAtrend-1.pdf>
Package pdftex.def Info: Project_Template_files/figure-latex/PAtrend-1.pdf  used on input line 365.
(pdftex.def)             Requested size: 469.75386pt x 325.2142pt.
[20 <./Project_Template_files/figure-latex/PAtimeseries-1.pdf>] [21 <./Project_Template_files/figure-latex/PAtrend-1.pdf>]
<Project_Template_files/figure-latex/txtimeseries-1.pdf, id=356, 469.755pt x 325.215pt>
File: Project_Template_files/figure-latex/txtimeseries-1.pdf Graphic file (type pdf)
<use Project_Template_files/figure-latex/txtimeseries-1.pdf>
Package pdftex.def Info: Project_Template_files/figure-latex/txtimeseries-1.pdf  used on input line 378.
(pdftex.def)             Requested size: 469.75386pt x 325.2142pt.
<Project_Template_files/figure-latex/TXtrend-1.pdf, id=357, 469.755pt x 325.215pt>
File: Project_Template_files/figure-latex/TXtrend-1.pdf Graphic file (type pdf)
<use Project_Template_files/figure-latex/TXtrend-1.pdf>
Package pdftex.def Info: Project_Template_files/figure-latex/TXtrend-1.pdf  used on input line 387.
(pdftex.def)             Requested size: 469.75386pt x 325.2142pt.
[22 <./Project_Template_files/figure-latex/txtimeseries-1.pdf>] [23 <./Project_Template_files/figure-latex/TXtrend-1.pdf>]

LaTeX Warning: Reference `fig:nonseasall' on page 24 undefined on input line 398.

<Project_Template_files/figure-latex/nonseasall-1.pdf, id=377, 469.755pt x 325.215pt>
File: Project_Template_files/figure-latex/nonseasall-1.pdf Graphic file (type pdf)
<use Project_Template_files/figure-latex/nonseasall-1.pdf>
Package pdftex.def Info: Project_Template_files/figure-latex/nonseasall-1.pdf  used on input line 400.
(pdftex.def)             Requested size: 469.75386pt x 325.2142pt.
[24 <./Project_Template_files/figure-latex/nonseasall-1.pdf>]
<Project_Template_files/figure-latex/CAseasonal-1.pdf, id=394, 469.755pt x 325.215pt>
File: Project_Template_files/figure-latex/CAseasonal-1.pdf Graphic file (type pdf)
<use Project_Template_files/figure-latex/CAseasonal-1.pdf>
Package pdftex.def Info: Project_Template_files/figure-latex/CAseasonal-1.pdf  used on input line 412.
(pdftex.def)             Requested size: 469.75386pt x 325.2142pt.
[25 <./Project_Template_files/figure-latex/CAseasonal-1.pdf>]
<Project_Template_files/figure-latex/FLseasonal-1.pdf, id=408, 469.755pt x 325.215pt>
File: Project_Template_files/figure-latex/FLseasonal-1.pdf Graphic file (type pdf)
<use Project_Template_files/figure-latex/FLseasonal-1.pdf>
Package pdftex.def Info: Project_Template_files/figure-latex/FLseasonal-1.pdf  used on input line 427.
(pdftex.def)             Requested size: 469.75386pt x 325.2142pt.
[26 <./Project_Template_files/figure-latex/FLseasonal-1.pdf>]
<Project_Template_files/figure-latex/PAseasonal-1.pdf, id=419, 469.755pt x 325.215pt>
File: Project_Template_files/figure-latex/PAseasonal-1.pdf Graphic file (type pdf)
<use Project_Template_files/figure-latex/PAseasonal-1.pdf>
Package pdftex.def Info: Project_Template_files/figure-latex/PAseasonal-1.pdf  used on input line 442.
(pdftex.def)             Requested size: 469.75386pt x 325.2142pt.
[27{/Users/sarahhall/Library/TinyTeX/texmf-dist/fonts/enc/dvips/lm/lm-mathit.enc}{/Users/sarahhall/Library/TinyTeX/texmf-dist/fonts/enc/dvips/lm/lm-rm.enc} <./Project_Template_files/figure-latex/PAseasonal-1.pdf>]
<Project_Template_files/figure-latex/TXseasonal-1.pdf, id=432, 469.755pt x 325.215pt>
File: Project_Template_files/figure-latex/TXseasonal-1.pdf Graphic file (type pdf)
<use Project_Template_files/figure-latex/TXseasonal-1.pdf>
Package pdftex.def Info: Project_Template_files/figure-latex/TXseasonal-1.pdf  used on input line 455.
(pdftex.def)             Requested size: 469.75386pt x 325.2142pt.
[28 <./Project_Template_files/figure-latex/TXseasonal-1.pdf>]
<Project_Template_files/figure-latex/seasall-1.pdf, id=444, 469.755pt x 325.215pt>
File: Project_Template_files/figure-latex/seasall-1.pdf Graphic file (type pdf)
<use Project_Template_files/figure-latex/seasall-1.pdf>
Package pdftex.def Info: Project_Template_files/figure-latex/seasall-1.pdf  used on input line 470.
(pdftex.def)             Requested size: 469.75386pt x 325.2142pt.
[29 <./Project_Template_files/figure-latex/seasall-1.pdf>]
<Project_Template_files/figure-latex/CAcwh-1.pdf, id=456, 469.755pt x 325.215pt>
File: Project_Template_files/figure-latex/CAcwh-1.pdf Graphic file (type pdf)
<use Project_Template_files/figure-latex/CAcwh-1.pdf>
Package pdftex.def Info: Project_Template_files/figure-latex/CAcwh-1.pdf  used on input line 487.
(pdftex.def)             Requested size: 469.75386pt x 325.2142pt.
[30 <./Project_Template_files/figure-latex/CAcwh-1.pdf>]
<Project_Template_files/figure-latex/FLcwh-1.pdf, id=467, 469.755pt x 325.215pt>
File: Project_Template_files/figure-latex/FLcwh-1.pdf Graphic file (type pdf)
<use Project_Template_files/figure-latex/FLcwh-1.pdf>
Package pdftex.def Info: Project_Template_files/figure-latex/FLcwh-1.pdf  used on input line 502.
(pdftex.def)             Requested size: 469.75386pt x 325.2142pt.
<Project_Template_files/figure-latex/FLcwhTrend-1.pdf, id=468, 469.755pt x 325.215pt>
File: Project_Template_files/figure-latex/FLcwhTrend-1.pdf Graphic file (type pdf)
<use Project_Template_files/figure-latex/FLcwhTrend-1.pdf>
Package pdftex.def Info: Project_Template_files/figure-latex/FLcwhTrend-1.pdf  used on input line 511.
(pdftex.def)             Requested size: 469.75386pt x 325.2142pt.
<Project_Template_files/figure-latex/FLcwhSeasonal-1.pdf, id=469, 469.755pt x 325.215pt>
File: Project_Template_files/figure-latex/FLcwhSeasonal-1.pdf Graphic file (type pdf)
<use Project_Template_files/figure-latex/FLcwhSeasonal-1.pdf>
Package pdftex.def Info: Project_Template_files/figure-latex/FLcwhSeasonal-1.pdf  used on input line 520.
(pdftex.def)             Requested size: 469.75386pt x 325.2142pt.
[31 <./Project_Template_files/figure-latex/FLcwh-1.pdf>] [32 <./Project_Template_files/figure-latex/FLcwhTrend-1.pdf>] [33 <./Project_Template_files/figure-latex/FLcwhSeasonal-1.pdf>]
<Project_Template_files/figure-latex/PAcwh-1.pdf, id=501, 469.755pt x 325.215pt>
File: Project_Template_files/figure-latex/PAcwh-1.pdf Graphic file (type pdf)
<use Project_Template_files/figure-latex/PAcwh-1.pdf>
Package pdftex.def Info: Project_Template_files/figure-latex/PAcwh-1.pdf  used on input line 535.
(pdftex.def)             Requested size: 469.75386pt x 325.2142pt.
<Project_Template_files/figure-latex/PAcwhTrend-1.pdf, id=502, 469.755pt x 325.215pt>
File: Project_Template_files/figure-latex/PAcwhTrend-1.pdf Graphic file (type pdf)
<use Project_Template_files/figure-latex/PAcwhTrend-1.pdf>
Package pdftex.def Info: Project_Template_files/figure-latex/PAcwhTrend-1.pdf  used on input line 544.
(pdftex.def)             Requested size: 469.75386pt x 325.2142pt.
<Project_Template_files/figure-latex/PAcwhSeas-1.pdf, id=503, 469.755pt x 325.215pt>
File: Project_Template_files/figure-latex/PAcwhSeas-1.pdf Graphic file (type pdf)
<use Project_Template_files/figure-latex/PAcwhSeas-1.pdf>
Package pdftex.def Info: Project_Template_files/figure-latex/PAcwhSeas-1.pdf  used on input line 553.
(pdftex.def)             Requested size: 469.75386pt x 325.2142pt.
[34 <./Project_Template_files/figure-latex/PAcwh-1.pdf>] [35 <./Project_Template_files/figure-latex/PAcwhTrend-1.pdf>] [36 <./Project_Template_files/figure-latex/PAcwhSeas-1.pdf>] [37]
<Project_Template_files/figure-latex/cwhall-1.pdf, id=539, 469.755pt x 325.215pt>
File: Project_Template_files/figure-latex/cwhall-1.pdf Graphic file (type pdf)
<use Project_Template_files/figure-latex/cwhall-1.pdf>
Package pdftex.def Info: Project_Template_files/figure-latex/cwhall-1.pdf  used on input line 572.
(pdftex.def)             Requested size: 469.75386pt x 325.2142pt.
[38 <./Project_Template_files/figure-latex/cwhall-1.pdf>] [39] [40] (./Project_Template.aux)
 ***********
LaTeX2e <2025-11-01>
L3 programming layer <2025-11-14>
 ***********

LaTeX Warning: There were undefined references.

 ) 
Here is how much of TeX's memory you used:
 13356 strings out of 469519
 217982 string characters out of 5469079
 628433 words of memory out of 5000000
 41659 multiletter control sequences out of 15000+600000
 674240 words of font info for 81 fonts, out of 8000000 for 9000
 14 hyphenation exceptions out of 8191
 89i,18n,93p,1103b,497s stack positions out of 10000i,1000n,20000p,200000b,200000s
</Users/sarahhall/Library/TinyTeX/texmf-dist/fonts/type1/public/lm/lmbx10.pfb></Users/sarahhall/Library/TinyTeX/texmf-dist/fonts/type1/public/lm/lmbx12.pfb></Users/sarahhall/Library/TinyTeX/texmf-dist/fonts/type1/public/lm/lmmi10.pfb></Users/sarahhall/Library/TinyTeX/texmf-dist/fonts/type1/public/lm/lmr10.pfb></Users/sarahhall/Library/TinyTeX/texmf-dist/fonts/type1/public/lm/lmr12.pfb></Users/sarahhall/Library/TinyTeX/texmf-dist/fonts/type1/public/lm/lmr17.pfb>
Output written on Project_Template.pdf (40 pages, 444930 bytes).
PDF statistics:
 713 PDF objects out of 1000 (max. 8388607)
 591 compressed objects within 6 object streams
 102 named destinations out of 1000 (max. 500000)
 375 words of extra memory for PDF output out of 10000 (max. 10000000)

